<?xml version="1.0" encoding="UTF-8" ?>
<testsuite errors="0" failures="0" hostname="iMac-de-nadies.home" name="com.app.selenium.SeleniumTest" skipped="0" tests="1" time="4.201" timestamp="2021-11-04T22:39:21">
  <properties>
    <property name="libs.spring-framework300.classpath" value="/Applications/NetBeans/Apache NetBeans 12.0.app/Contents/Resources/NetBeans/netbeans/platform/modules/org-apache-commons-logging.jar:/Applications/NetBeans/Apache NetBeans 12.0.app/Contents/Resources/NetBeans/netbeans/java/modules/ext/cglib-2.2.jar:/Applications/NetBeans/Apache NetBeans 12.0.app/Contents/Resources/NetBeans/netbeans/java/modules/ext/spring-3.0/spring-aop-3.2.18.RELEASE.jar:/Applications/NetBeans/Apache NetBeans 12.0.app/Contents/Resources/NetBeans/netbeans/java/modules/ext/spring-3.0/spring-aspects-3.2.18.RELEASE.jar:/Applications/NetBeans/Apache NetBeans 12.0.app/Contents/Resources/NetBeans/netbeans/java/modules/ext/spring-3.0/spring-beans-3.2.18.RELEASE.jar:/Applications/NetBeans/Apache NetBeans 12.0.app/Contents/Resources/NetBeans/netbeans/java/modules/ext/spring-3.0/spring-context-3.2.18.RELEASE.jar:/Applications/NetBeans/Apache NetBeans 12.0.app/Contents/Resources/NetBeans/netbeans/java/modules/ext/spring-3.0/spring-context-support-3.2.18.RELEASE.jar:/Applications/NetBeans/Apache NetBeans 12.0.app/Contents/Resources/NetBeans/netbeans/java/modules/ext/spring-3.0/spring-core-3.2.18.RELEASE.jar:/Applications/NetBeans/Apache NetBeans 12.0.app/Contents/Resources/NetBeans/netbeans/java/modules/ext/spring-3.0/spring-expression-3.2.18.RELEASE.jar:/Applications/NetBeans/Apache NetBeans 12.0.app/Contents/Resources/NetBeans/netbeans/java/modules/ext/spring-3.0/spring-instrument-3.2.18.RELEASE.jar:/Applications/NetBeans/Apache NetBeans 12.0.app/Contents/Resources/NetBeans/netbeans/java/modules/ext/spring-3.0/spring-instrument-tomcat-3.2.18.RELEASE.jar:/Applications/NetBeans/Apache NetBeans 12.0.app/Contents/Resources/NetBeans/netbeans/java/modules/ext/spring-3.0/spring-jdbc-3.2.18.RELEASE.jar:/Applications/NetBeans/Apache NetBeans 12.0.app/Contents/Resources/NetBeans/netbeans/java/modules/ext/spring-3.0/spring-jms-3.2.18.RELEASE.jar:/Applications/NetBeans/Apache NetBeans 12.0.app/Contents/Resources/NetBeans/netbeans/java/modules/ext/spring-3.0/spring-orm-3.2.18.RELEASE.jar:/Applications/NetBeans/Apache NetBeans 12.0.app/Contents/Resources/NetBeans/netbeans/java/modules/ext/spring-3.0/spring-oxm-3.2.18.RELEASE.jar:/Applications/NetBeans/Apache NetBeans 12.0.app/Contents/Resources/NetBeans/netbeans/java/modules/ext/spring-3.0/spring-struts-3.2.18.RELEASE.jar:/Applications/NetBeans/Apache NetBeans 12.0.app/Contents/Resources/NetBeans/netbeans/java/modules/ext/spring-3.0/spring-test-3.2.18.RELEASE.jar:/Applications/NetBeans/Apache NetBeans 12.0.app/Contents/Resources/NetBeans/netbeans/java/modules/ext/spring-3.0/spring-tx-3.2.18.RELEASE.jar:/Applications/NetBeans/Apache NetBeans 12.0.app/Contents/Resources/NetBeans/netbeans/java/modules/ext/spring-3.0/spring-web-3.2.18.RELEASE.jar:/Applications/NetBeans/Apache NetBeans 12.0.app/Contents/Resources/NetBeans/netbeans/java/modules/ext/spring-3.0/spring-webmvc-3.2.18.RELEASE.jar:/Applications/NetBeans/Apache NetBeans 12.0.app/Contents/Resources/NetBeans/netbeans/java/modules/ext/spring-3.0/spring-webmvc-portlet-3.2.18.RELEASE.jar" />
    <property name="javac.test.classpath" value=":build/classes:/Applications/NetBeans/Apache NetBeans 12.0.app/Contents/Resources/NetBeans/netbeans/platform/modules/ext/junit-jupiter-api-5.6.0.jar:/Applications/NetBeans/Apache NetBeans 12.0.app/Contents/Resources/NetBeans/netbeans/platform/modules/ext/junit-jupiter-params-5.6.0.jar:/Applications/NetBeans/Apache NetBeans 12.0.app/Contents/Resources/NetBeans/netbeans/platform/modules/ext/junit-jupiter-engine-5.6.0.jar:libs/apiguardian-api-1.1.2.jar:libs/junit-4.13.jar:libs/hamcrest-all-1.3.jar:libs/selenium-server-standalone-3.2.0.jar" />
    <property name="file.reference.junit-4.13.jar" value="libs/junit-4.13.jar" />
    <property name="java.specification.version" value="14" />
    <property name="jar.index.metainf" value="false" />
    <property name="libs.spring-framework500.classpath" value="/Applications/NetBeans/Apache NetBeans 12.0.app/Contents/Resources/NetBeans/netbeans/platform/modules/org-apache-commons-logging.jar:/Applications/NetBeans/Apache NetBeans 12.0.app/Contents/Resources/NetBeans/netbeans/java/modules/ext/cglib-2.2.jar:/Applications/NetBeans/Apache NetBeans 12.0.app/Contents/Resources/NetBeans/netbeans/java/modules/ext/spring-5/spring-aop-5.2.2.RELEASE.jar:/Applications/NetBeans/Apache NetBeans 12.0.app/Contents/Resources/NetBeans/netbeans/java/modules/ext/spring-5/spring-aspects-5.2.2.RELEASE.jar:/Applications/NetBeans/Apache NetBeans 12.0.app/Contents/Resources/NetBeans/netbeans/java/modules/ext/spring-5/spring-beans-5.2.2.RELEASE.jar:/Applications/NetBeans/Apache NetBeans 12.0.app/Contents/Resources/NetBeans/netbeans/java/modules/ext/spring-5/spring-context-5.2.2.RELEASE.jar:/Applications/NetBeans/Apache NetBeans 12.0.app/Contents/Resources/NetBeans/netbeans/java/modules/ext/spring-5/spring-context-indexer-5.2.2.RELEASE.jar:/Applications/NetBeans/Apache NetBeans 12.0.app/Contents/Resources/NetBeans/netbeans/java/modules/ext/spring-5/spring-context-support-5.2.2.RELEASE.jar:/Applications/NetBeans/Apache NetBeans 12.0.app/Contents/Resources/NetBeans/netbeans/java/modules/ext/spring-5/spring-core-5.2.2.RELEASE.jar:/Applications/NetBeans/Apache NetBeans 12.0.app/Contents/Resources/NetBeans/netbeans/java/modules/ext/spring-5/spring-expression-5.2.2.RELEASE.jar:/Applications/NetBeans/Apache NetBeans 12.0.app/Contents/Resources/NetBeans/netbeans/java/modules/ext/spring-5/spring-instrument-5.2.2.RELEASE.jar:/Applications/NetBeans/Apache NetBeans 12.0.app/Contents/Resources/NetBeans/netbeans/java/modules/ext/spring-5/spring-jcl-5.2.2.RELEASE.jar:/Applications/NetBeans/Apache NetBeans 12.0.app/Contents/Resources/NetBeans/netbeans/java/modules/ext/spring-5/spring-jdbc-5.2.2.RELEASE.jar:/Applications/NetBeans/Apache NetBeans 12.0.app/Contents/Resources/NetBeans/netbeans/java/modules/ext/spring-5/spring-jms-5.2.2.RELEASE.jar:/Applications/NetBeans/Apache NetBeans 12.0.app/Contents/Resources/NetBeans/netbeans/java/modules/ext/spring-5/spring-messaging-5.2.2.RELEASE.jar:/Applications/NetBeans/Apache NetBeans 12.0.app/Contents/Resources/NetBeans/netbeans/java/modules/ext/spring-5/spring-orm-5.2.2.RELEASE.jar:/Applications/NetBeans/Apache NetBeans 12.0.app/Contents/Resources/NetBeans/netbeans/java/modules/ext/spring-5/spring-oxm-5.2.2.RELEASE.jar:/Applications/NetBeans/Apache NetBeans 12.0.app/Contents/Resources/NetBeans/netbeans/java/modules/ext/spring-5/spring-test-5.2.2.RELEASE.jar:/Applications/NetBeans/Apache NetBeans 12.0.app/Contents/Resources/NetBeans/netbeans/java/modules/ext/spring-5/spring-tx-5.2.2.RELEASE.jar:/Applications/NetBeans/Apache NetBeans 12.0.app/Contents/Resources/NetBeans/netbeans/java/modules/ext/spring-5/spring-web-5.2.2.RELEASE.jar:/Applications/NetBeans/Apache NetBeans 12.0.app/Contents/Resources/NetBeans/netbeans/java/modules/ext/spring-5/spring-webflux-5.2.2.RELEASE.jar:/Applications/NetBeans/Apache NetBeans 12.0.app/Contents/Resources/NetBeans/netbeans/java/modules/ext/spring-5/spring-webmvc-5.2.2.RELEASE.jar:/Applications/NetBeans/Apache NetBeans 12.0.app/Contents/Resources/NetBeans/netbeans/java/modules/ext/spring-5/spring-websocket-5.2.2.RELEASE.jar" />
    <property name="libs.spring-framework400.classpath" value="/Applications/NetBeans/Apache NetBeans 12.0.app/Contents/Resources/NetBeans/netbeans/platform/modules/org-apache-commons-logging.jar:/Applications/NetBeans/Apache NetBeans 12.0.app/Contents/Resources/NetBeans/netbeans/java/modules/ext/cglib-2.2.jar:/Applications/NetBeans/Apache NetBeans 12.0.app/Contents/Resources/NetBeans/netbeans/java/modules/ext/spring-4/spring-aop-4.3.25.RELEASE.jar:/Applications/NetBeans/Apache NetBeans 12.0.app/Contents/Resources/NetBeans/netbeans/java/modules/ext/spring-4/spring-aspects-4.3.25.RELEASE.jar:/Applications/NetBeans/Apache NetBeans 12.0.app/Contents/Resources/NetBeans/netbeans/java/modules/ext/spring-4/spring-beans-4.3.25.RELEASE.jar:/Applications/NetBeans/Apache NetBeans 12.0.app/Contents/Resources/NetBeans/netbeans/java/modules/ext/spring-4/spring-context-4.3.25.RELEASE.jar:/Applications/NetBeans/Apache NetBeans 12.0.app/Contents/Resources/NetBeans/netbeans/java/modules/ext/spring-4/spring-context-support-4.3.25.RELEASE.jar:/Applications/NetBeans/Apache NetBeans 12.0.app/Contents/Resources/NetBeans/netbeans/java/modules/ext/spring-4/spring-core-4.3.25.RELEASE.jar:/Applications/NetBeans/Apache NetBeans 12.0.app/Contents/Resources/NetBeans/netbeans/java/modules/ext/spring-4/spring-expression-4.3.25.RELEASE.jar:/Applications/NetBeans/Apache NetBeans 12.0.app/Contents/Resources/NetBeans/netbeans/java/modules/ext/spring-4/spring-instrument-4.3.25.RELEASE.jar:/Applications/NetBeans/Apache NetBeans 12.0.app/Contents/Resources/NetBeans/netbeans/java/modules/ext/spring-4/spring-instrument-tomcat-4.3.25.RELEASE.jar:/Applications/NetBeans/Apache NetBeans 12.0.app/Contents/Resources/NetBeans/netbeans/java/modules/ext/spring-4/spring-jdbc-4.3.25.RELEASE.jar:/Applications/NetBeans/Apache NetBeans 12.0.app/Contents/Resources/NetBeans/netbeans/java/modules/ext/spring-4/spring-jms-4.3.25.RELEASE.jar:/Applications/NetBeans/Apache NetBeans 12.0.app/Contents/Resources/NetBeans/netbeans/java/modules/ext/spring-4/spring-messaging-4.3.25.RELEASE.jar:/Applications/NetBeans/Apache NetBeans 12.0.app/Contents/Resources/NetBeans/netbeans/java/modules/ext/spring-4/spring-orm-4.3.25.RELEASE.jar:/Applications/NetBeans/Apache NetBeans 12.0.app/Contents/Resources/NetBeans/netbeans/java/modules/ext/spring-4/spring-oxm-4.3.25.RELEASE.jar:/Applications/NetBeans/Apache NetBeans 12.0.app/Contents/Resources/NetBeans/netbeans/java/modules/ext/spring-4/spring-test-4.3.25.RELEASE.jar:/Applications/NetBeans/Apache NetBeans 12.0.app/Contents/Resources/NetBeans/netbeans/java/modules/ext/spring-4/spring-tx-4.3.25.RELEASE.jar:/Applications/NetBeans/Apache NetBeans 12.0.app/Contents/Resources/NetBeans/netbeans/java/modules/ext/spring-4/spring-web-4.3.25.RELEASE.jar:/Applications/NetBeans/Apache NetBeans 12.0.app/Contents/Resources/NetBeans/netbeans/java/modules/ext/spring-4/spring-webmvc-4.3.25.RELEASE.jar:/Applications/NetBeans/Apache NetBeans 12.0.app/Contents/Resources/NetBeans/netbeans/java/modules/ext/spring-4/spring-webmvc-portlet-4.3.25.RELEASE.jar:/Applications/NetBeans/Apache NetBeans 12.0.app/Contents/Resources/NetBeans/netbeans/java/modules/ext/spring-4/spring-websocket-4.3.25.RELEASE.jar" />
    <property name="libs.spring-webmvc4.0.javadoc" value="" />
    <property name="test.binaryincludes" value="&lt;nothing&gt;" />
    <property name="debug-transport" value="dt_socket" />
    <property name="libs.javaee-web-api-8.0.src" value="" />
    <property name="java.vendor.url" value="https://java.oracle.com/" />
    <property name="debug.modulepath" value="" />
    <property name="libs.jsp-compilation.src" value="" />
    <property name="libs.eclipselink.javadoc" value="/Applications/NetBeans/Apache NetBeans 12.0.app/Contents/Resources/NetBeans/netbeans/java/modules/ext/docs/javax.persistence-2.1.0-doc.zip" />
    <property name="libs.JWSAntTasks.javadoc" value="" />
    <property name="sun.boot.library.path" value="/Library/Java/JavaVirtualMachines/jdk-14.0.1.jdk/Contents/Home/lib" />
    <property name="sun.java.command" value="org.apache.tools.ant.taskdefs.optional.junit.JUnitTestRunner com.app.selenium.SeleniumTest skipNonTests=false filtertrace=true haltOnError=false haltOnFailure=false showoutput=true outputtoformatters=true logfailedtests=true threadid=0 logtestlistenerevents=true formatter=org.apache.tools.ant.taskdefs.optional.junit.BriefJUnitResultFormatter formatter=org.apache.tools.ant.taskdefs.optional.junit.XMLJUnitResultFormatter,/Users/nadies/NetBeansProjects/api_junit_selenium/build/test/results/TEST-com.app.selenium.SeleniumTest.xml crashfile=/Users/nadies/NetBeansProjects/api_junit_selenium/build/junitvmwatcher10521578407624735837.properties propsfile=/Users/nadies/NetBeansProjects/api_junit_selenium/build/junit10010812107364004737.properties" />
    <property name="jdk.debug" value="release" />
    <property name="libs.spring-framework300.src" value="" />
    <property name="javadoc.use" value="true" />
    <property name="libs.javac-api.maven-pom" value="" />
    <property name="javadoc.notree" value="false" />
    <property name="file.reference.selenium-server-standalone-3.2.0.jar" value="libs/selenium-server-standalone-3.2.0.jar" />
    <property name="basedir" value="/Users/nadies/NetBeansProjects/api_junit_selenium" />
    <property name="java.specification.name" value="Java Platform API Specification" />
    <property name="java.vm.specification.vendor" value="Oracle Corporation" />
    <property name="libs.javac-api.javadoc" value="" />
    <property name="libs.jsf20.classpath" value="/Applications/NetBeans/Apache NetBeans 12.0.app/Contents/Resources/NetBeans/netbeans/enterprise/modules/ext/jsf-2_2/javax.faces.jar" />
    <property name="netbeans.extbrowser.manual_chrome_plugin_install" value="yes" />
    <property name="netbeans.default_userdir_root" value="/Users/nadies/Library/Application Support/NetBeans" />
    <property name="libs.spring-framework500.javadoc" value="" />
    <property name="libs.jsp-compilation-syscp.src" value="" />
    <property name="jdk.home" value="/Library/Java/JavaVirtualMachines/jdk-14.0.1.jdk/Contents/Home" />
    <property name="java.runtime.version" value="14.0.1+7" />
    <property name="libs.eclipselink.maven-pom" value="" />
    <property name="libs.metro.maven-pom" value="" />
    <property name="libs.JAXB-ENDORSED.javadoc" value="" />
    <property name="ant.file.api_junit_selenium-impl" value="/Users/nadies/NetBeansProjects/api_junit_selenium/nbproject/build-impl.xml" />
    <property name="ant.file.type.api_junit_selenium" value="file" />
    <property name="sun.java2d.noddraw" value="true" />
    <property name="guice.disable.misplaced.annotation.check" value="true" />
    <property name="sun.zip.disableMemoryMapping" value="true" />
    <property name="libs.maven-dependencies.maven-pom" value="" />
    <property name="jnidispatch.path" value="/Users/nadies/Library/Caches/JNA/temp/jna3835038012884659203.tmp" />
    <property name="libs.jsp-compilation.javadoc" value="" />
    <property name="libs.primefaces.javadoc" value="" />
    <property name="libs.jsf12.src" value="" />
    <property name="libs.groovy-all.maven-pom" value="" />
    <property name="libs.restapi.src" value="" />
    <property name="libs.junit_5.javadoc" value="/Applications/NetBeans/Apache NetBeans 12.0.app/Contents/Resources/NetBeans/netbeans/platform/docs/junit-jupiter-api-5.6.0-javadoc.jar:/Applications/NetBeans/Apache NetBeans 12.0.app/Contents/Resources/NetBeans/netbeans/platform/docs/junit-jupiter-params-5.6.0-javadoc.jar:/Applications/NetBeans/Apache NetBeans 12.0.app/Contents/Resources/NetBeans/netbeans/platform/docs/junit-jupiter-engine-5.6.0-javadoc.jar" />
    <property name="platforms.JDK_14-FX2-ready.home" value="/Library/Java/JavaVirtualMachines/jdk-14.0.1.jdk/Contents/Home" />
    <property name="dist.archive.excludes" value="" />
    <property name="java.io.tmpdir" value="/var/folders/p6/33rmpr8d373cntjh0cd_ff6r0000gn/T/" />
    <property name="java.version" value="14.0.1" />
    <property name="java.vm.specification.name" value="Java Virtual Machine Specification" />
    <property name="libs.hamcrest.src" value="" />
    <property name="java.library.path" value="/Users/nadies/Library/Java/Extensions:/Library/Java/Extensions:/Network/Library/Java/Extensions:/System/Library/Java/Extensions:/usr/lib/java:." />
    <property name="java.vendor" value="Oracle Corporation" />
    <property name="libs.testng.javadoc" value="/Applications/NetBeans/Apache NetBeans 12.0.app/Contents/Resources/NetBeans/netbeans/platform/docs/testng-6.8.1-javadoc.zip" />
    <property name="libs.groovy-all.src" value="" />
    <property name="meta.inf.dir" value="src/META-INF" />
    <property name="run.upgrademodulepath" value="" />
    <property name="compile.on.save" value="true" />
    <property name="libs.testng.maven-pom" value="" />
    <property name="jlink.additionalparam" value="" />
    <property name="org.openide.version" value="deprecated" />
    <property name="test.includes" value="com/app/selenium/SeleniumTest.java" />
    <property name="run.classpath" value=":build/classes" />
    <property name="libs.jaxb.src" value="" />
    <property name="file.reference.apiguardian-api-1.1.2.jar" value="libs/apiguardian-api-1.1.2.jar" />
    <property name="test.src.dir" value="test" />
    <property name="sun.awt.enableExtraMouseButtons" value="true" />
    <property name="org.openide.major.version" value="IDE/1" />
    <property name="libs.spring-framework300.javadoc" value="" />
    <property name="ap.proc.none.internal" value="" />
    <property name="org.openide.specification.version" value="6.2" />
    <property name="user.timezone" value="Europe/Madrid" />
    <property name="jar.index" value="false" />
    <property name="libs.jpa20-persistence.classpath" value="/Applications/NetBeans/Apache NetBeans 12.0.app/Contents/Resources/NetBeans/netbeans/java/modules/ext/eclipselink/javax.persistence-2.1.0.jar" />
    <property name="libs.eclipselinkmodelgen.javadoc" value="" />
    <property name="libs.junit_5.classpath" value="/Applications/NetBeans/Apache NetBeans 12.0.app/Contents/Resources/NetBeans/netbeans/platform/modules/ext/junit-jupiter-api-5.6.0.jar:/Applications/NetBeans/Apache NetBeans 12.0.app/Contents/Resources/NetBeans/netbeans/platform/modules/ext/junit-jupiter-params-5.6.0.jar:/Applications/NetBeans/Apache NetBeans 12.0.app/Contents/Resources/NetBeans/netbeans/platform/modules/ext/junit-jupiter-engine-5.6.0.jar" />
    <property name="java.vm.specification.version" value="14" />
    <property name="javadoc.noindex" value="false" />
    <property name="javadoc.private" value="false" />
    <property name="libs.spring-webmvc4.0.maven-pom" value="" />
    <property name="libs.JAXB-ENDORSED.maven-pom" value="" />
    <property name="user.home" value="/Users/nadies" />
    <property name="libs.eclipselinkmodelgen.maven-pom" value="" />
    <property name="have.sources" value="true" />
    <property name="annotation.processing.processors.list" value="" />
    <property name="javac.deprecation" value="false" />
    <property name="jlink.launcher" value="true" />
    <property name="ant.file.api_junit_selenium" value="/Users/nadies/NetBeansProjects/api_junit_selenium/build.xml" />
    <property name="build.generated.sources.dir" value="build/generated-sources" />
    <property name="plugin.manager.check.updates" value="false" />
    <property name="netbeans.autoupdate.language" value="es" />
    <property name="libs.eclipselinkmodelgen.src" value="" />
    <property name="build.compiler.emacs" value="true" />
    <property name="build.classes.excludes" value="**/*.java,**/*.form" />
    <property name="dist.jar" value="dist/api_junit_selenium.jar" />
    <property name="libs.spring-webmvc4.0.classpath" value="/Applications/NetBeans/Apache NetBeans 12.0.app/Contents/Resources/NetBeans/netbeans/java/modules/ext/spring-4/spring-webmvc-4.3.25.RELEASE.jar" />
    <property name="modules.supported.internal" value="true" />
    <property name="libs.javaee-endorsed-api-7.0.javadoc" value="/Applications/NetBeans/Apache NetBeans 12.0.app/Contents/Resources/NetBeans/netbeans/enterprise/docs/javaee-doc-api.jar" />
    <property name="os.version" value="10.13.6" />
    <property name="netbeans.home" value="/Applications/NetBeans/Apache NetBeans 12.0.app/Contents/Resources/NetBeans/netbeans/platform" />
    <property name="libs.CopyLibs.javadoc" value="" />
    <property name="debug-transport-by-os" value="dt_socket" />
    <property name="libs.jsf20.src" value="" />
    <property name="libs.javaee-api-8.0.javadoc" value="/Applications/NetBeans/Apache NetBeans 12.0.app/Contents/Resources/NetBeans/netbeans/enterprise/docs/javaee-doc-api.jar" />
    <property name="java.vm.name" value="Java HotSpot(TM) 64-Bit Server VM" />
    <property name="unnamed.module.internal" value="true" />
    <property name="libs.jstl.javadoc" value="/Applications/NetBeans/Apache NetBeans 12.0.app/Contents/Resources/NetBeans/netbeans/enterprise/docs/javaee-doc-api.jar" />
    <property name="libs.javaee-endorsed-api-7.0.maven-pom" value="" />
    <property name="libs.jaxws21.classpath" value="/Applications/NetBeans/Apache NetBeans 12.0.app/Contents/Resources/NetBeans/netbeans/ide/modules/ext/jaxb/jaxb-impl.jar:/Applications/NetBeans/Apache NetBeans 12.0.app/Contents/Resources/NetBeans/netbeans/ide/modules/ext/jaxb/jaxb-xjc.jar:/Applications/NetBeans/Apache NetBeans 12.0.app/Contents/Resources/NetBeans/netbeans/java/modules/ext/jaxws22/FastInfoset.jar:/Applications/NetBeans/Apache NetBeans 12.0.app/Contents/Resources/NetBeans/netbeans/java/modules/ext/jaxws22/gmbal-api-only.jar:/Applications/NetBeans/Apache NetBeans 12.0.app/Contents/Resources/NetBeans/netbeans/java/modules/ext/jaxws22/ha-api.jar:/Applications/NetBeans/Apache NetBeans 12.0.app/Contents/Resources/NetBeans/netbeans/java/modules/ext/jaxws22/javax.mail_1.4.jar:/Applications/NetBeans/Apache NetBeans 12.0.app/Contents/Resources/NetBeans/netbeans/java/modules/ext/jaxws22/jaxws-rt.jar:/Applications/NetBeans/Apache NetBeans 12.0.app/Contents/Resources/NetBeans/netbeans/java/modules/ext/jaxws22/jaxws-tools.jar:/Applications/NetBeans/Apache NetBeans 12.0.app/Contents/Resources/NetBeans/netbeans/java/modules/ext/jaxws22/management-api.jar:/Applications/NetBeans/Apache NetBeans 12.0.app/Contents/Resources/NetBeans/netbeans/java/modules/ext/jaxws22/mimepull.jar:/Applications/NetBeans/Apache NetBeans 12.0.app/Contents/Resources/NetBeans/netbeans/java/modules/ext/jaxws22/policy.jar:/Applications/NetBeans/Apache NetBeans 12.0.app/Contents/Resources/NetBeans/netbeans/java/modules/ext/jaxws22/saaj-impl.jar:/Applications/NetBeans/Apache NetBeans 12.0.app/Contents/Resources/NetBeans/netbeans/java/modules/ext/jaxws22/stax-ex.jar:/Applications/NetBeans/Apache NetBeans 12.0.app/Contents/Resources/NetBeans/netbeans/java/modules/ext/jaxws22/stax2-api.jar:/Applications/NetBeans/Apache NetBeans 12.0.app/Contents/Resources/NetBeans/netbeans/java/modules/ext/jaxws22/streambuffer.jar:/Applications/NetBeans/Apache NetBeans 12.0.app/Contents/Resources/NetBeans/netbeans/java/modules/ext/jaxws22/woodstox-core-asl.jar:/Applications/NetBeans/Apache NetBeans 12.0.app/Contents/Resources/NetBeans/netbeans/java/modules/ext/jaxws22/api/jaxws-api.jar:/Applications/NetBeans/Apache NetBeans 12.0.app/Contents/Resources/NetBeans/netbeans/java/modules/ext/jaxws22/api/jsr181-api.jar:/Applications/NetBeans/Apache NetBeans 12.0.app/Contents/Resources/NetBeans/netbeans/java/modules/ext/jaxws22/api/javax.annotation.jar:/Applications/NetBeans/Apache NetBeans 12.0.app/Contents/Resources/NetBeans/netbeans/java/modules/ext/jaxws22/api/saaj-api.jar:/Applications/NetBeans/Apache NetBeans 12.0.app/Contents/Resources/NetBeans/netbeans/ide/modules/ext/jaxb/activation.jar:/Applications/NetBeans/Apache NetBeans 12.0.app/Contents/Resources/NetBeans/netbeans/ide/modules/ext/jaxb/api/jaxb-api.jar" />
    <property name="libs.restapi.classpath" value="/Applications/NetBeans/Apache NetBeans 12.0.app/Contents/Resources/NetBeans/netbeans/enterprise/modules/ext/jaxrs-2.0/javax.ws.rs-api-2.0.jar" />
    <property name="os.arch" value="x86_64" />
    <property name="build.generated.dir" value="build/generated" />
    <property name="libs.groovy-all.javadoc" value="" />
    <property name="libs.javaee-web-api-7.0.javadoc" value="/Applications/NetBeans/Apache NetBeans 12.0.app/Contents/Resources/NetBeans/netbeans/enterprise/docs/javaee-doc-api.jar" />
    <property name="libs.jsf12.maven-pom" value="" />
    <property name="libs.javaee-endorsed-api-7.0.classpath" value="/Applications/NetBeans/Apache NetBeans 12.0.app/Contents/Resources/NetBeans/netbeans/enterprise/modules/ext/javaee7-endorsed/javax.annotation-api.jar:/Applications/NetBeans/Apache NetBeans 12.0.app/Contents/Resources/NetBeans/netbeans/enterprise/modules/ext/javaee7-endorsed/javax.xml.soap-api.jar:/Applications/NetBeans/Apache NetBeans 12.0.app/Contents/Resources/NetBeans/netbeans/enterprise/modules/ext/javaee7-endorsed/jaxb-api-osgi.jar:/Applications/NetBeans/Apache NetBeans 12.0.app/Contents/Resources/NetBeans/netbeans/enterprise/modules/ext/javaee7-endorsed/jaxws-api.jar:/Applications/NetBeans/Apache NetBeans 12.0.app/Contents/Resources/NetBeans/netbeans/enterprise/modules/ext/javaee7-endorsed/jsr181-api.jar" />
    <property name="org.netbeans.io.suspend" value="0" />
    <property name="libs.primefaces.maven-pom" value="" />
    <property name="ant.project.name" value="api_junit_selenium" />
    <property name="dist.javadoc.dir" value="dist/javadoc" />
    <property name="default.javac.target" value="14" />
    <property name="javac.fork" value="true" />
    <property name="libs.eclipselink.classpath" value="/Applications/NetBeans/Apache NetBeans 12.0.app/Contents/Resources/NetBeans/netbeans/java/modules/ext/eclipselink/org.eclipse.persistence.core-2.5.2.jar:/Applications/NetBeans/Apache NetBeans 12.0.app/Contents/Resources/NetBeans/netbeans/java/modules/ext/eclipselink/org.eclipse.persistence.asm-2.5.2.jar:/Applications/NetBeans/Apache NetBeans 12.0.app/Contents/Resources/NetBeans/netbeans/java/modules/ext/eclipselink/org.eclipse.persistence.antlr-2.5.2.jar:/Applications/NetBeans/Apache NetBeans 12.0.app/Contents/Resources/NetBeans/netbeans/java/modules/ext/eclipselink/org.eclipse.persistence.jpa-2.5.2.jar:/Applications/NetBeans/Apache NetBeans 12.0.app/Contents/Resources/NetBeans/netbeans/java/modules/ext/eclipselink/org.eclipse.persistence.jpa.jpql-2.5.2.jar:/Applications/NetBeans/Apache NetBeans 12.0.app/Contents/Resources/NetBeans/netbeans/java/modules/ext/eclipselink/javax.persistence-2.1.0.jar" />
    <property name="libs.javac-api.classpath" value="" />
    <property name="libs.struts.classpath" value="/Applications/NetBeans/Apache NetBeans 12.0.app/Contents/Resources/NetBeans/netbeans/enterprise/modules/ext/struts/antlr-2.7.2.jar:/Applications/NetBeans/Apache NetBeans 12.0.app/Contents/Resources/NetBeans/netbeans/enterprise/modules/ext/struts/bsf-2.3.0.jar:/Applications/NetBeans/Apache NetBeans 12.0.app/Contents/Resources/NetBeans/netbeans/enterprise/modules/ext/struts/commons-beanutils-1.8.0.jar:/Applications/NetBeans/Apache NetBeans 12.0.app/Contents/Resources/NetBeans/netbeans/enterprise/modules/ext/struts/commons-chain-1.2.jar:/Applications/NetBeans/Apache NetBeans 12.0.app/Contents/Resources/NetBeans/netbeans/enterprise/modules/ext/struts/commons-digester-1.8.jar:/Applications/NetBeans/Apache NetBeans 12.0.app/Contents/Resources/NetBeans/netbeans/enterprise/modules/ext/struts/commons-fileupload-1.1.1.jar:/Applications/NetBeans/Apache NetBeans 12.0.app/Contents/Resources/NetBeans/netbeans/enterprise/modules/ext/struts/commons-io-1.1.jar:/Applications/NetBeans/Apache NetBeans 12.0.app/Contents/Resources/NetBeans/netbeans/enterprise/modules/ext/struts/commons-logging-1.0.4.jar:/Applications/NetBeans/Apache NetBeans 12.0.app/Contents/Resources/NetBeans/netbeans/enterprise/modules/ext/struts/commons-validator-1.3.1.jar:/Applications/NetBeans/Apache NetBeans 12.0.app/Contents/Resources/NetBeans/netbeans/enterprise/modules/ext/struts/jstl-1.0.2.jar:/Applications/NetBeans/Apache NetBeans 12.0.app/Contents/Resources/NetBeans/netbeans/enterprise/modules/ext/struts/oro-2.0.8.jar:/Applications/NetBeans/Apache NetBeans 12.0.app/Contents/Resources/NetBeans/netbeans/enterprise/modules/ext/struts/standard-1.0.6.jar:/Applications/NetBeans/Apache NetBeans 12.0.app/Contents/Resources/NetBeans/netbeans/enterprise/modules/ext/struts/struts-core-1.3.10.jar:/Applications/NetBeans/Apache NetBeans 12.0.app/Contents/Resources/NetBeans/netbeans/enterprise/modules/ext/struts/struts-el-1.3.10.jar:/Applications/NetBeans/Apache NetBeans 12.0.app/Contents/Resources/NetBeans/netbeans/enterprise/modules/ext/struts/struts-extras-1.3.10.jar:/Applications/NetBeans/Apache NetBeans 12.0.app/Contents/Resources/NetBeans/netbeans/enterprise/modules/ext/struts/struts-faces-1.3.10.jar:/Applications/NetBeans/Apache NetBeans 12.0.app/Contents/Resources/NetBeans/netbeans/enterprise/modules/ext/struts/struts-mailreader-dao-1.3.10.jar:/Applications/NetBeans/Apache NetBeans 12.0.app/Contents/Resources/NetBeans/netbeans/enterprise/modules/ext/struts/struts-scripting-1.3.10.jar:/Applications/NetBeans/Apache NetBeans 12.0.app/Contents/Resources/NetBeans/netbeans/enterprise/modules/ext/struts/struts-taglib-1.3.10.jar:/Applications/NetBeans/Apache NetBeans 12.0.app/Contents/Resources/NetBeans/netbeans/enterprise/modules/ext/struts/struts-tiles-1.3.10.jar" />
    <property name="libs.PostgreSQLDriver.maven-pom" value="" />
    <property name="libs.absolutelayout.src" value="" />
    <property name="testng.mode" value="testng" />
    <property name="annotation.processing.enabled.in.editor" value="false" />
    <property name="java.vm.compressedOopsMode" value="Zero based" />
    <property name="netbeans.productversion" value="Apache NetBeans IDE 12.0" />
    <property name="mkdist.disabled" value="false" />
    <property name="libs.javaee-web-api-6.0.javadoc" value="/Applications/NetBeans/Apache NetBeans 12.0.app/Contents/Resources/NetBeans/netbeans/enterprise/docs/javaee-doc-api.jar" />
    <property name="file.reference.hamcrest-all-1.3.jar" value="libs/hamcrest-all-1.3.jar" />
    <property name="libs.javaee-api-7.0.maven-pom" value="" />
    <property name="libs.groovy-all.classpath" value="/Applications/NetBeans/Apache NetBeans 12.0.app/Contents/Resources/NetBeans/netbeans/groovy/modules/ext/groovy.jar:/Applications/NetBeans/Apache NetBeans 12.0.app/Contents/Resources/NetBeans/netbeans/groovy/modules/ext/groovy-ant.jar" />
    <property name="libs.absolutelayout.javadoc" value="" />
    <property name="module.build.classes.dir" value="build/classes" />
    <property name="annotation.processing.processor.options" value="" />
    <property name="libs.jaxb.maven-pom" value="" />
    <property name="libs.javaee-api-6.0.maven-pom" value="" />
    <property name="dist.dir" value="dist" />
    <property name="build.dir" value="build" />
    <property name="netbeans.autoupdate.variant" value="" />
    <property name="javadoc.version" value="false" />
    <property name="libs.metro.src" value="" />
    <property name="libs.metro.classpath" value="/Applications/NetBeans/Apache NetBeans 12.0.app/Contents/Resources/NetBeans/netbeans/ide/modules/ext/jaxb/activation.jar:/Applications/NetBeans/Apache NetBeans 12.0.app/Contents/Resources/NetBeans/netbeans/enterprise/modules/ext/metro/webservices-api.jar:/Applications/NetBeans/Apache NetBeans 12.0.app/Contents/Resources/NetBeans/netbeans/enterprise/modules/ext/metro/webservices-extra-api.jar:/Applications/NetBeans/Apache NetBeans 12.0.app/Contents/Resources/NetBeans/netbeans/enterprise/modules/ext/metro/webservices-extra.jar:/Applications/NetBeans/Apache NetBeans 12.0.app/Contents/Resources/NetBeans/netbeans/enterprise/modules/ext/metro/webservices-rt.jar:/Applications/NetBeans/Apache NetBeans 12.0.app/Contents/Resources/NetBeans/netbeans/enterprise/modules/ext/metro/webservices-tools.jar" />
    <property name="libs.CopyLibs.classpath" value="/Applications/NetBeans/Apache NetBeans 12.0.app/Contents/Resources/NetBeans/netbeans/java/ant/extra/org-netbeans-modules-java-j2seproject-copylibstask.jar" />
    <property name="platforms.JDK_14-FX2-ready.bootclasspath" value="/Library/Java/JavaVirtualMachines/jdk-14.0.1.jdk/Contents/Home/!/modules/java.base/:/Library/Java/JavaVirtualMachines/jdk-14.0.1.jdk/Contents/Home/!/modules/java.compiler/:/Library/Java/JavaVirtualMachines/jdk-14.0.1.jdk/Contents/Home/!/modules/java.datatransfer/:/Library/Java/JavaVirtualMachines/jdk-14.0.1.jdk/Contents/Home/!/modules/java.desktop/:/Library/Java/JavaVirtualMachines/jdk-14.0.1.jdk/Contents/Home/!/modules/java.instrument/:/Library/Java/JavaVirtualMachines/jdk-14.0.1.jdk/Contents/Home/!/modules/java.logging/:/Library/Java/JavaVirtualMachines/jdk-14.0.1.jdk/Contents/Home/!/modules/java.management/:/Library/Java/JavaVirtualMachines/jdk-14.0.1.jdk/Contents/Home/!/modules/java.management.rmi/:/Library/Java/JavaVirtualMachines/jdk-14.0.1.jdk/Contents/Home/!/modules/java.naming/:/Library/Java/JavaVirtualMachines/jdk-14.0.1.jdk/Contents/Home/!/modules/java.net.http/:/Library/Java/JavaVirtualMachines/jdk-14.0.1.jdk/Contents/Home/!/modules/java.prefs/:/Library/Java/JavaVirtualMachines/jdk-14.0.1.jdk/Contents/Home/!/modules/java.rmi/:/Library/Java/JavaVirtualMachines/jdk-14.0.1.jdk/Contents/Home/!/modules/java.scripting/:/Library/Java/JavaVirtualMachines/jdk-14.0.1.jdk/Contents/Home/!/modules/java.se/:/Library/Java/JavaVirtualMachines/jdk-14.0.1.jdk/Contents/Home/!/modules/java.security.jgss/:/Library/Java/JavaVirtualMachines/jdk-14.0.1.jdk/Contents/Home/!/modules/java.security.sasl/:/Library/Java/JavaVirtualMachines/jdk-14.0.1.jdk/Contents/Home/!/modules/java.smartcardio/:/Library/Java/JavaVirtualMachines/jdk-14.0.1.jdk/Contents/Home/!/modules/java.sql/:/Library/Java/JavaVirtualMachines/jdk-14.0.1.jdk/Contents/Home/!/modules/java.sql.rowset/:/Library/Java/JavaVirtualMachines/jdk-14.0.1.jdk/Contents/Home/!/modules/java.transaction.xa/:/Library/Java/JavaVirtualMachines/jdk-14.0.1.jdk/Contents/Home/!/modules/java.xml/:/Library/Java/JavaVirtualMachines/jdk-14.0.1.jdk/Contents/Home/!/modules/java.xml.crypto/:/Library/Java/JavaVirtualMachines/jdk-14.0.1.jdk/Contents/Home/!/modules/jdk.accessibility/:/Library/Java/JavaVirtualMachines/jdk-14.0.1.jdk/Contents/Home/!/modules/jdk.aot/:/Library/Java/JavaVirtualMachines/jdk-14.0.1.jdk/Contents/Home/!/modules/jdk.attach/:/Library/Java/JavaVirtualMachines/jdk-14.0.1.jdk/Contents/Home/!/modules/jdk.charsets/:/Library/Java/JavaVirtualMachines/jdk-14.0.1.jdk/Contents/Home/!/modules/jdk.compiler/:/Library/Java/JavaVirtualMachines/jdk-14.0.1.jdk/Contents/Home/!/modules/jdk.crypto.cryptoki/:/Library/Java/JavaVirtualMachines/jdk-14.0.1.jdk/Contents/Home/!/modules/jdk.crypto.ec/:/Library/Java/JavaVirtualMachines/jdk-14.0.1.jdk/Contents/Home/!/modules/jdk.dynalink/:/Library/Java/JavaVirtualMachines/jdk-14.0.1.jdk/Contents/Home/!/modules/jdk.editpad/:/Library/Java/JavaVirtualMachines/jdk-14.0.1.jdk/Contents/Home/!/modules/jdk.hotspot.agent/:/Library/Java/JavaVirtualMachines/jdk-14.0.1.jdk/Contents/Home/!/modules/jdk.httpserver/:/Library/Java/JavaVirtualMachines/jdk-14.0.1.jdk/Contents/Home/!/modules/jdk.incubator.foreign/:/Library/Java/JavaVirtualMachines/jdk-14.0.1.jdk/Contents/Home/!/modules/jdk.incubator.jpackage/:/Library/Java/JavaVirtualMachines/jdk-14.0.1.jdk/Contents/Home/!/modules/jdk.internal.ed/:/Library/Java/JavaVirtualMachines/jdk-14.0.1.jdk/Contents/Home/!/modules/jdk.internal.jvmstat/:/Library/Java/JavaVirtualMachines/jdk-14.0.1.jdk/Contents/Home/!/modules/jdk.internal.le/:/Library/Java/JavaVirtualMachines/jdk-14.0.1.jdk/Contents/Home/!/modules/jdk.internal.opt/:/Library/Java/JavaVirtualMachines/jdk-14.0.1.jdk/Contents/Home/!/modules/jdk.internal.vm.ci/:/Library/Java/JavaVirtualMachines/jdk-14.0.1.jdk/Contents/Home/!/modules/jdk.internal.vm.compiler/:/Library/Java/JavaVirtualMachines/jdk-14.0.1.jdk/Contents/Home/!/modules/jdk.internal.vm.compiler.management/:/Library/Java/JavaVirtualMachines/jdk-14.0.1.jdk/Contents/Home/!/modules/jdk.jartool/:/Library/Java/JavaVirtualMachines/jdk-14.0.1.jdk/Contents/Home/!/modules/jdk.javadoc/:/Library/Java/JavaVirtualMachines/jdk-14.0.1.jdk/Contents/Home/!/modules/jdk.jcmd/:/Library/Java/JavaVirtualMachines/jdk-14.0.1.jdk/Contents/Home/!/modules/jdk.jconsole/:/Library/Java/JavaVirtualMachines/jdk-14.0.1.jdk/Contents/Home/!/modules/jdk.jdeps/:/Library/Java/JavaVirtualMachines/jdk-14.0.1.jdk/Contents/Home/!/modules/jdk.jdi/:/Library/Java/JavaVirtualMachines/jdk-14.0.1.jdk/Contents/Home/!/modules/jdk.jdwp.agent/:/Library/Java/JavaVirtualMachines/jdk-14.0.1.jdk/Contents/Home/!/modules/jdk.jfr/:/Library/Java/JavaVirtualMachines/jdk-14.0.1.jdk/Contents/Home/!/modules/jdk.jlink/:/Library/Java/JavaVirtualMachines/jdk-14.0.1.jdk/Contents/Home/!/modules/jdk.jshell/:/Library/Java/JavaVirtualMachines/jdk-14.0.1.jdk/Contents/Home/!/modules/jdk.jsobject/:/Library/Java/JavaVirtualMachines/jdk-14.0.1.jdk/Contents/Home/!/modules/jdk.jstatd/:/Library/Java/JavaVirtualMachines/jdk-14.0.1.jdk/Contents/Home/!/modules/jdk.localedata/:/Library/Java/JavaVirtualMachines/jdk-14.0.1.jdk/Contents/Home/!/modules/jdk.management/:/Library/Java/JavaVirtualMachines/jdk-14.0.1.jdk/Contents/Home/!/modules/jdk.management.agent/:/Library/Java/JavaVirtualMachines/jdk-14.0.1.jdk/Contents/Home/!/modules/jdk.management.jfr/:/Library/Java/JavaVirtualMachines/jdk-14.0.1.jdk/Contents/Home/!/modules/jdk.naming.dns/:/Library/Java/JavaVirtualMachines/jdk-14.0.1.jdk/Contents/Home/!/modules/jdk.naming.rmi/:/Library/Java/JavaVirtualMachines/jdk-14.0.1.jdk/Contents/Home/!/modules/jdk.net/:/Library/Java/JavaVirtualMachines/jdk-14.0.1.jdk/Contents/Home/!/modules/jdk.nio.mapmode/:/Library/Java/JavaVirtualMachines/jdk-14.0.1.jdk/Contents/Home/!/modules/jdk.rmic/:/Library/Java/JavaVirtualMachines/jdk-14.0.1.jdk/Contents/Home/!/modules/jdk.scripting.nashorn/:/Library/Java/JavaVirtualMachines/jdk-14.0.1.jdk/Contents/Home/!/modules/jdk.scripting.nashorn.shell/:/Library/Java/JavaVirtualMachines/jdk-14.0.1.jdk/Contents/Home/!/modules/jdk.sctp/:/Library/Java/JavaVirtualMachines/jdk-14.0.1.jdk/Contents/Home/!/modules/jdk.security.auth/:/Library/Java/JavaVirtualMachines/jdk-14.0.1.jdk/Contents/Home/!/modules/jdk.security.jgss/:/Library/Java/JavaVirtualMachines/jdk-14.0.1.jdk/Contents/Home/!/modules/jdk.unsupported/:/Library/Java/JavaVirtualMachines/jdk-14.0.1.jdk/Contents/Home/!/modules/jdk.unsupported.desktop/:/Library/Java/JavaVirtualMachines/jdk-14.0.1.jdk/Contents/Home/!/modules/jdk.xml.dom/:/Library/Java/JavaVirtualMachines/jdk-14.0.1.jdk/Contents/Home/!/modules/jdk.zipfs/" />
    <property name="javadoc.html5" value="false" />
    <property name="javac.test.processorpath" value=":build/classes:/Applications/NetBeans/Apache NetBeans 12.0.app/Contents/Resources/NetBeans/netbeans/platform/modules/ext/junit-jupiter-api-5.6.0.jar:/Applications/NetBeans/Apache NetBeans 12.0.app/Contents/Resources/NetBeans/netbeans/platform/modules/ext/junit-jupiter-params-5.6.0.jar:/Applications/NetBeans/Apache NetBeans 12.0.app/Contents/Resources/NetBeans/netbeans/platform/modules/ext/junit-jupiter-engine-5.6.0.jar:libs/apiguardian-api-1.1.2.jar:libs/junit-4.13.jar:libs/hamcrest-all-1.3.jar:libs/selenium-server-standalone-3.2.0.jar" />
    <property name="libs.javaee-web-api-7.0.maven-pom" value="" />
    <property name="libs.javaee-web-api-8.0.maven-pom" value="" />
    <property name="netbeans.dirs" value="/Applications/NetBeans/Apache NetBeans 12.0.app/Contents/Resources/NetBeans/netbeans/nb:/Applications/NetBeans/Apache NetBeans 12.0.app/Contents/Resources/NetBeans/netbeans/ergonomics:/Applications/NetBeans/Apache NetBeans 12.0.app/Contents/Resources/NetBeans/netbeans/ide:/Applications/NetBeans/Apache NetBeans 12.0.app/Contents/Resources/NetBeans/netbeans/extide:/Applications/NetBeans/Apache NetBeans 12.0.app/Contents/Resources/NetBeans/netbeans/java:/Applications/NetBeans/Apache NetBeans 12.0.app/Contents/Resources/NetBeans/netbeans/apisupport:/Applications/NetBeans/Apache NetBeans 12.0.app/Contents/Resources/NetBeans/netbeans/webcommon:/Applications/NetBeans/Apache NetBeans 12.0.app/Contents/Resources/NetBeans/netbeans/websvccommon:/Applications/NetBeans/Apache NetBeans 12.0.app/Contents/Resources/NetBeans/netbeans/enterprise:/Applications/NetBeans/Apache NetBeans 12.0.app/Contents/Resources/NetBeans/netbeans/mobility:/Applications/NetBeans/Apache NetBeans 12.0.app/Contents/Resources/NetBeans/netbeans/profiler:/Applications/NetBeans/Apache NetBeans 12.0.app/Contents/Resources/NetBeans/netbeans/python:/Applications/NetBeans/Apache NetBeans 12.0.app/Contents/Resources/NetBeans/netbeans/php:/Applications/NetBeans/Apache NetBeans 12.0.app/Contents/Resources/NetBeans/netbeans/identity:/Applications/NetBeans/Apache NetBeans 12.0.app/Contents/Resources/NetBeans/netbeans/harness:/Applications/NetBeans/Apache NetBeans 12.0.app/Contents/Resources/NetBeans/netbeans/cnd:/Applications/NetBeans/Apache NetBeans 12.0.app/Contents/Resources/NetBeans/netbeans/cndext:/Applications/NetBeans/Apache NetBeans 12.0.app/Contents/Resources/NetBeans/netbeans/dlight:/Applications/NetBeans/Apache NetBeans 12.0.app/Contents/Resources/NetBeans/netbeans/groovy:/Applications/NetBeans/Apache NetBeans 12.0.app/Contents/Resources/NetBeans/netbeans/extra:/Applications/NetBeans/Apache NetBeans 12.0.app/Contents/Resources/NetBeans/netbeans/javacard:/Applications/NetBeans/Apache NetBeans 12.0.app/Contents/Resources/NetBeans/netbeans/javafx:/Applications/NetBeans/Apache NetBeans 12.0.app/Contents/Resources/NetBeans/netbeans/nbandroid:" />
    <property name="socksNonProxyHosts" value="local|*.local|169.254/16|*.169.254/16" />
    <property name="libs.hamcrest.maven-pom" value="" />
    <property name="javac.processorpath" value="" />
    <property name="libs.javaee-api-6.0.javadoc" value="/Applications/NetBeans/Apache NetBeans 12.0.app/Contents/Resources/NetBeans/netbeans/enterprise/docs/javaee-doc-api.jar" />
    <property name="libs.JWSAntTasks.maven-pom" value="" />
    <property name="javac.upgrademodulepath" value="" />
    <property name="run.modulepath" value="" />
    <property name="do.archive+manifest.available" value="true" />
    <property name="apple.laf.useScreenMenuBar" value="true" />
    <property name="sun.java.launcher" value="SUN_STANDARD" />
    <property name="user.country" value="ES" />
    <property name="libs.restapi.javadoc" value="" />
    <property name="libs.jpa20-persistence.src" value="" />
    <property name="javac.test.sourcepath" value="/Users/nadies/NetBeansProjects/api_junit_selenium/build/empty" />
    <property name="libs.spring-webmvc3.0.maven-pom" value="" />
    <property name="includes" value="**" />
    <property name="libs.jsf12.javadoc" value="/Applications/NetBeans/Apache NetBeans 12.0.app/Contents/Resources/NetBeans/netbeans/enterprise/docs/javaee-doc-api.jar" />
    <property name="libs.hamcrest.classpath" value="/Applications/NetBeans/Apache NetBeans 12.0.app/Contents/Resources/NetBeans/netbeans/platform/modules/ext/hamcrest-core-1.3.jar" />
    <property name="javadoc.splitindex" value="true" />
    <property name="libs.JWSAntTasks.classpath" value="/Applications/NetBeans/Apache NetBeans 12.0.app/Contents/Resources/NetBeans/netbeans/java/ant/extra/org-netbeans-modules-javawebstart-anttasks.jar" />
    <property name="junit.available" value="true" />
    <property name="javac.processormodulepath" value="" />
    <property name="javadoc.encoding" value="UTF-8" />
    <property name="libs.jstl.src" value="" />
    <property name="netbeans.hash.code" value="unique=NB_JAVA_WEBEE_WEBCOMMON_PHP0ab6f9cfa-940d-415e-90e8-d3ef8baffa6d_5edacc2d-7739-411c-b912-d75ba037d818" />
    <property name="libs.jsp-compilation-syscp.maven-pom" value="" />
    <property name="libs.spring-webmvc3.0.classpath" value="" />
    <property name="java.runtime.name" value="Java(TM) SE Runtime Environment" />
    <property name="manifest.available" value="true" />
    <property name="libs.jaxb.javadoc" value="/Applications/NetBeans/Apache NetBeans 12.0.app/Contents/Resources/NetBeans/netbeans/ide/docs/jaxb-api-doc.jar" />
    <property name="libs.spring-framework500.maven-pom" value="" />
    <property name="run.jvmargs.ide" value="" />
    <property name="ant.core.lib" value="/Applications/NetBeans/Apache NetBeans 12.0.app/Contents/Resources/NetBeans/netbeans/extide/ant/lib/ant.jar" />
    <property name="libs.jsp-compilation.maven-pom" value="" />
    <property name="javac.profile.cmd.line.arg" value="" />
    <property name="do.archive+main.class.available" value="true" />
    <property name="ignore.failing.tests" value="true" />
    <property name="javac.test.modulepath" value="" />
    <property name="libs.PostgreSQLDriver.javadoc" value="" />
    <property name="libs.jsp-compilation-syscp.classpath" value="/Applications/NetBeans/Apache NetBeans 12.0.app/Contents/Resources/NetBeans/netbeans/extide/ant/lib/ant.jar:/Applications/NetBeans/Apache NetBeans 12.0.app/Contents/Resources/NetBeans/netbeans/enterprise/modules/ext/servlet3.1-jsp2.3-api.jar:/Applications/NetBeans/Apache NetBeans 12.0.app/Contents/Resources/NetBeans/netbeans/enterprise/modules/ext/glassfish-jspparser-4.0.jar:/Applications/NetBeans/Apache NetBeans 12.0.app/Contents/Resources/NetBeans/netbeans/enterprise/modules/ext/jstl-impl.jar:/Applications/NetBeans/Apache NetBeans 12.0.app/Contents/Resources/NetBeans/netbeans/enterprise/modules/ext/jsf-2_2/javax.faces.jar" />
    <property name="libs.jsp-compilation.classpath" value="/Applications/NetBeans/Apache NetBeans 12.0.app/Contents/Resources/NetBeans/netbeans/extide/ant/lib/ant.jar:/Applications/NetBeans/Apache NetBeans 12.0.app/Contents/Resources/NetBeans/netbeans/enterprise/modules/ext/servlet3.1-jsp2.3-api.jar:/Applications/NetBeans/Apache NetBeans 12.0.app/Contents/Resources/NetBeans/netbeans/enterprise/modules/ext/glassfish-jspparser-4.0.jar:/Applications/NetBeans/Apache NetBeans 12.0.app/Contents/Resources/NetBeans/netbeans/enterprise/modules/ext/jsf-2_2/javax.faces.jar:/Applications/NetBeans/Apache NetBeans 12.0.app/Contents/Resources/NetBeans/netbeans/enterprise/modules/ext/jstl-api.jar:/Applications/NetBeans/Apache NetBeans 12.0.app/Contents/Resources/NetBeans/netbeans/extide/ant/lib/ant-launcher.jar" />
    <property name="libs.javaee-api-6.0.classpath" value="/Applications/NetBeans/Apache NetBeans 12.0.app/Contents/Resources/NetBeans/netbeans/enterprise/modules/ext/javaee-api-6.0.jar" />
    <property name="javac.includesfile.binary" value="/Users/nadies/NetBeansProjects/api_junit_selenium/null545983442" />
    <property name="libs.javaee-api-7.0.classpath" value="/Applications/NetBeans/Apache NetBeans 12.0.app/Contents/Resources/NetBeans/netbeans/enterprise/modules/ext/javaee-api-7.0.jar" />
    <property name="libs.restapi.maven-pom" value="" />
    <property name="do.depend" value="false" />
    <property name="javadoc.preview" value="true" />
    <property name="sun.arch.data.model" value="64" />
    <property name="nb.show.statistics.ui" value="usageStatisticsEnabled" />
    <property name="libs.javaee-endorsed-api-7.0.src" value="" />
    <property name="sun.font.fontmanager" value="sun.font.CFontManager" />
    <property name="annotation.processing.enabled" value="true" />
    <property name="libs.junit_5.src" value="/Applications/NetBeans/Apache NetBeans 12.0.app/Contents/Resources/NetBeans/netbeans/platform/docs/junit-jupiter-api-5.6.0-sources.jar:/Applications/NetBeans/Apache NetBeans 12.0.app/Contents/Resources/NetBeans/netbeans/platform/docs/junit-jupiter-params-5.6.0-sources.jar:/Applications/NetBeans/Apache NetBeans 12.0.app/Contents/Resources/NetBeans/netbeans/platform/docs/junit-jupiter-engine-5.6.0-sources.jar" />
    <property name="libs.jaxb.classpath" value="/Applications/NetBeans/Apache NetBeans 12.0.app/Contents/Resources/NetBeans/netbeans/ide/modules/ext/jaxb/jaxb-impl.jar:/Applications/NetBeans/Apache NetBeans 12.0.app/Contents/Resources/NetBeans/netbeans/ide/modules/ext/jaxb/jaxb-xjc.jar:/Applications/NetBeans/Apache NetBeans 12.0.app/Contents/Resources/NetBeans/netbeans/ide/modules/ext/jaxb/jaxb1-impl.jar:/Applications/NetBeans/Apache NetBeans 12.0.app/Contents/Resources/NetBeans/netbeans/ide/modules/ext/jaxb/activation.jar:/Applications/NetBeans/Apache NetBeans 12.0.app/Contents/Resources/NetBeans/netbeans/ide/modules/ext/jaxb/api/jaxb-api.jar" />
    <property name="libs.javaee-api-8.0.classpath" value="/Applications/NetBeans/Apache NetBeans 12.0.app/Contents/Resources/NetBeans/netbeans/enterprise/modules/ext/javaee-api-8.0.jar" />
    <property name="platforms.JDK_14-FX2-ready.compiler" value="modern" />
    <property name="libs.CopyLibs.src" value="" />
    <property name="java.specification.vendor" value="Oracle Corporation" />
    <property name="javac.source" value="14" />
    <property name="java.version.date" value="2020-04-14" />
    <property name="java.home" value="/Library/Java/JavaVirtualMachines/jdk-14.0.1.jdk/Contents/Home" />
    <property name="work.dir" value="/Users/nadies/NetBeansProjects/api_junit_selenium" />
    <property name="javac.test.compilerargs" value="" />
    <property name="jna.boot.library.name" value="jnidispatch-nb" />
    <property name="libs.PostgreSQLDriver.classpath" value="/Applications/NetBeans/Apache NetBeans 12.0.app/Contents/Resources/NetBeans/netbeans/ide/modules/ext/postgresql-42.2.10.jar" />
    <property name="libs.spring-webmvc3.0.javadoc" value="" />
    <property name="libs.JAXB-ENDORSED.src" value="" />
    <property name="manifest.encoding" value="UTF-8" />
    <property name="sun.management.compiler" value="HotSpot 64-Bit Tiered Compilers" />
    <property name="libs.spring-framework400.src" value="" />
    <property name="run.test.modulepath" value="" />
    <property name="libs.maven-dependencies.src" value="" />
    <property name="libs.javaee-web-api-6.0.classpath" value="/Applications/NetBeans/Apache NetBeans 12.0.app/Contents/Resources/NetBeans/netbeans/enterprise/modules/ext/javaee-web-api-6.0.jar" />
    <property name="libs.jsp-compiler.javadoc" value="" />
    <property name="debug.test.modulepath" value="" />
    <property name="libs.javaee-web-api-7.0.classpath" value="/Applications/NetBeans/Apache NetBeans 12.0.app/Contents/Resources/NetBeans/netbeans/enterprise/modules/ext/javaee-web-api-7.0.jar" />
    <property name="file.encoding" value="UTF-8" />
    <property name="java.util.logging.config.class" value="org.netbeans.core.startup.TopLogging" />
    <property name="https.nonProxyHosts" value="localhost|127.0.0.1|iMac-de-nadies.home" />
    <property name="libs.restlib.javadoc" value="" />
    <property name="libs.absolutelayout.classpath" value="/Applications/NetBeans/Apache NetBeans 12.0.app/Contents/Resources/NetBeans/netbeans/java/modules/ext/AbsoluteLayout.jar" />
    <property name="do.archive" value="true" />
    <property name="libs.struts.maven-pom" value="" />
    <property name="built-jar.properties" value="/Users/nadies/NetBeansProjects/api_junit_selenium/build/built-jar.properties" />
    <property name="nb.native.filechooser" value="false" />
    <property name="libs.testng.src" value="" />
    <property name="platform.active" value="default_platform" />
    <property name="libs.javaee-web-api-8.0.classpath" value="/Applications/NetBeans/Apache NetBeans 12.0.app/Contents/Resources/NetBeans/netbeans/enterprise/modules/ext/javaee-web-api-8.0.jar" />
    <property name="manifest.file" value="manifest.mf" />
    <property name="sun.io.unicode.encoding" value="UnicodeBig" />
    <property name="libs.struts.javadoc" value="/Applications/NetBeans/Apache NetBeans 12.0.app/Contents/Resources/NetBeans/netbeans/enterprise/docs/struts-1.3.10-javadoc.zip" />
    <property name="default.javac.source" value="14" />
    <property name="netbeans.dynamic.classpath" value="/Applications/NetBeans/Apache NetBeans 12.0.app/Contents/Resources/NetBeans/netbeans/platform/core/org-netbeans-libs-asm.jar:/Applications/NetBeans/Apache NetBeans 12.0.app/Contents/Resources/NetBeans/netbeans/platform/core/org-openide-filesystems-compat8.jar:/Applications/NetBeans/Apache NetBeans 12.0.app/Contents/Resources/NetBeans/netbeans/platform/core/org-openide-filesystems.jar:/Applications/NetBeans/Apache NetBeans 12.0.app/Contents/Resources/NetBeans/netbeans/platform/core/asm-7.2.jar:/Applications/NetBeans/Apache NetBeans 12.0.app/Contents/Resources/NetBeans/netbeans/platform/core/asm-commons-7.2.jar:/Applications/NetBeans/Apache NetBeans 12.0.app/Contents/Resources/NetBeans/netbeans/platform/core/asm-tree-7.2.jar:/Applications/NetBeans/Apache NetBeans 12.0.app/Contents/Resources/NetBeans/netbeans/platform/core/core.jar:/Applications/NetBeans/Apache NetBeans 12.0.app/Contents/Resources/NetBeans/netbeans/platform/core/core-base.jar:/Applications/NetBeans/Apache NetBeans 12.0.app/Contents/Resources/NetBeans/netbeans/nb/core/org-netbeans-upgrader.jar:/Applications/NetBeans/Apache NetBeans 12.0.app/Contents/Resources/NetBeans/netbeans/nb/core/locale/core_nb.jar" />
    <property name="libs.javaee-web-api-8.0.javadoc" value="/Applications/NetBeans/Apache NetBeans 12.0.app/Contents/Resources/NetBeans/netbeans/enterprise/docs/javaee-doc-api.jar" />
    <property name="libs.eclipselinkmodelgen.classpath" value="/Applications/NetBeans/Apache NetBeans 12.0.app/Contents/Resources/NetBeans/netbeans/java/modules/ext/eclipselink/org.eclipse.persistence.jpa.modelgen.processor-2.5.2.jar" />
    <property name="javac.systemmodulepath.cmd.line.arg" value="" />
    <property name="netbeans.buildnumber" value="12.0-631bd69cd6112b1cc4c892c24e3e605b1ba04241" />
    <property name="endorsed.classpath.cmd.line.arg" value="" />
    <property name="libs.jpa20-persistence.maven-pom" value="" />
    <property name="os.name" value="Mac OS X" />
    <property name="libs.CopyLibs.maven-pom" value="" />
    <property name="build.sysclasspath" value="ignore" />
    <property name="jdkBug6558476" value="false" />
    <property name="http.nonProxyHosts" value="local|*.local|169.254/16|*.169.254/16" />
    <property name="javadoc.author" value="false" />
    <property name="main.class" value="com.app.view.main" />
    <property name="libs.jsp-compilation-syscp.javadoc" value="" />
    <property name="source.encoding" value="UTF-8" />
    <property name="jar.compress" value="false" />
    <property name="libs.javaee-api-7.0.javadoc" value="/Applications/NetBeans/Apache NetBeans 12.0.app/Contents/Resources/NetBeans/netbeans/enterprise/docs/javaee-doc-api.jar" />
    <property name="libs.spring-webmvc5.0.src" value="" />
    <property name="libs.jsf20.maven-pom" value="" />
    <property name="libs.restlib.classpath" value="/Applications/NetBeans/Apache NetBeans 12.0.app/Contents/Resources/NetBeans/netbeans/enterprise/modules/ext/jersey2/ext/asm-all-repackaged-2.2.0-b21.jar:/Applications/NetBeans/Apache NetBeans 12.0.app/Contents/Resources/NetBeans/netbeans/enterprise/modules/ext/jersey2/ext/cglib-2.2.0-b21.jar:/Applications/NetBeans/Apache NetBeans 12.0.app/Contents/Resources/NetBeans/netbeans/enterprise/modules/ext/jersey2/ext/guava-14.0.1.jar:/Applications/NetBeans/Apache NetBeans 12.0.app/Contents/Resources/NetBeans/netbeans/enterprise/modules/ext/jersey2/ext/hk2-api-2.2.0-b21.jar:/Applications/NetBeans/Apache NetBeans 12.0.app/Contents/Resources/NetBeans/netbeans/enterprise/modules/ext/jersey2/ext/hk2-locator-2.2.0-b21.jar:/Applications/NetBeans/Apache NetBeans 12.0.app/Contents/Resources/NetBeans/netbeans/enterprise/modules/ext/jersey2/ext/hk2-utils-2.2.0-b21.jar:/Applications/NetBeans/Apache NetBeans 12.0.app/Contents/Resources/NetBeans/netbeans/enterprise/modules/ext/jersey2/ext/javax.annotation-api-1.2.jar:/Applications/NetBeans/Apache NetBeans 12.0.app/Contents/Resources/NetBeans/netbeans/enterprise/modules/ext/jersey2/ext/javax.inject-2.2.0-b21.jar:/Applications/NetBeans/Apache NetBeans 12.0.app/Contents/Resources/NetBeans/netbeans/enterprise/modules/ext/jersey2/ext/javax.servlet-api-3.0.1.jar:/Applications/NetBeans/Apache NetBeans 12.0.app/Contents/Resources/NetBeans/netbeans/enterprise/modules/ext/jersey2/ext/jaxb-api-2.2.7.jar:/Applications/NetBeans/Apache NetBeans 12.0.app/Contents/Resources/NetBeans/netbeans/enterprise/modules/ext/jersey2/ext/jersey-entity-filtering-2.5.1.jar:/Applications/NetBeans/Apache NetBeans 12.0.app/Contents/Resources/NetBeans/netbeans/enterprise/modules/ext/jersey2/ext/jersey-media-moxy-2.5.1.jar:/Applications/NetBeans/Apache NetBeans 12.0.app/Contents/Resources/NetBeans/netbeans/enterprise/modules/ext/jersey2/ext/org.osgi.core-4.2.0.jar:/Applications/NetBeans/Apache NetBeans 12.0.app/Contents/Resources/NetBeans/netbeans/enterprise/modules/ext/jersey2/ext/osgi-resource-locator-1.0.1.jar:/Applications/NetBeans/Apache NetBeans 12.0.app/Contents/Resources/NetBeans/netbeans/enterprise/modules/ext/jersey2/ext/persistence-api-1.0.jar:/Applications/NetBeans/Apache NetBeans 12.0.app/Contents/Resources/NetBeans/netbeans/enterprise/modules/ext/jersey2/ext/validation-api-1.1.0.Final.jar:/Applications/NetBeans/Apache NetBeans 12.0.app/Contents/Resources/NetBeans/netbeans/enterprise/modules/ext/jersey2/jersey-client.jar:/Applications/NetBeans/Apache NetBeans 12.0.app/Contents/Resources/NetBeans/netbeans/enterprise/modules/ext/jersey2/jersey-common.jar:/Applications/NetBeans/Apache NetBeans 12.0.app/Contents/Resources/NetBeans/netbeans/enterprise/modules/ext/jersey2/jersey-container-servlet.jar:/Applications/NetBeans/Apache NetBeans 12.0.app/Contents/Resources/NetBeans/netbeans/enterprise/modules/ext/jersey2/jersey-container-servlet-core.jar:/Applications/NetBeans/Apache NetBeans 12.0.app/Contents/Resources/NetBeans/netbeans/enterprise/modules/ext/jersey2/jersey-server.jar:/Applications/NetBeans/Apache NetBeans 12.0.app/Contents/Resources/NetBeans/netbeans/java/modules/ext/eclipselink/org.eclipse.persistence.core-2.5.2.jar:/Applications/NetBeans/Apache NetBeans 12.0.app/Contents/Resources/NetBeans/netbeans/java/modules/ext/eclipselink/org.eclipse.persistence.asm-2.5.2.jar:/Applications/NetBeans/Apache NetBeans 12.0.app/Contents/Resources/NetBeans/netbeans/java/modules/ext/eclipselink/org.eclipse.persistence.antlr-2.5.2.jar:/Applications/NetBeans/Apache NetBeans 12.0.app/Contents/Resources/NetBeans/netbeans/java/modules/ext/eclipselink/org.eclipse.persistence.jpa-2.5.2.jar:/Applications/NetBeans/Apache NetBeans 12.0.app/Contents/Resources/NetBeans/netbeans/java/modules/ext/eclipselink/org.eclipse.persistence.jpa.jpql-2.5.2.jar" />
    <property name="apple.awt.graphics.UseQuartz" value="true" />
    <property name="run.jvmargs" value="" />
    <property name="libs.primefaces.src" value="" />
    <property name="ant.file" value="/Users/nadies/NetBeansProjects/api_junit_selenium/build.xml" />
    <property name="libs.struts.src" value="" />
    <property name="path.separator" value=":" />
    <property name="libs.JAXB-ENDORSED.classpath" value="/Applications/NetBeans/Apache NetBeans 12.0.app/Contents/Resources/NetBeans/netbeans/ide/modules/ext/jaxb/api/jaxb-api.jar" />
    <property name="libs.restlib.src" value="" />
    <property name="build.test.results.dir" value="build/test/results" />
    <property name="libs.jaxws21.javadoc" value="/Applications/NetBeans/Apache NetBeans 12.0.app/Contents/Resources/NetBeans/netbeans/java/docs/jaxws-api-doc.zip" />
    <property name="libs.spring-framework400.maven-pom" value="" />
    <property name="ap.processors.internal" value="" />
    <property name="module.name" value="" />
    <property name="libs.jsf12.classpath" value="/Applications/NetBeans/Apache NetBeans 12.0.app/Contents/Resources/NetBeans/netbeans/enterprise/modules/ext/jsf-1_2/jsf-api.jar:/Applications/NetBeans/Apache NetBeans 12.0.app/Contents/Resources/NetBeans/netbeans/enterprise/modules/ext/jsf-1_2/jsf-impl.jar" />
    <property name="libs.spring-webmvc5.0.javadoc" value="" />
    <property name="libs.hamcrest.javadoc" value="" />
    <property name="libs.spring-framework400.javadoc" value="" />
    <property name="libs.javac-api.src" value="" />
    <property name="java.vm.info" value="mixed mode, sharing" />
    <property name="libs.primefaces.classpath" value="/Applications/NetBeans/Apache NetBeans 12.0.app/Contents/Resources/NetBeans/netbeans/enterprise/modules/ext/primefaces/primefaces-5.0.jar" />
    <property name="libs.jaxws21.maven-pom" value="" />
    <property name="run.test.classpath" value=":build/classes:/Applications/NetBeans/Apache NetBeans 12.0.app/Contents/Resources/NetBeans/netbeans/platform/modules/ext/junit-jupiter-api-5.6.0.jar:/Applications/NetBeans/Apache NetBeans 12.0.app/Contents/Resources/NetBeans/netbeans/platform/modules/ext/junit-jupiter-params-5.6.0.jar:/Applications/NetBeans/Apache NetBeans 12.0.app/Contents/Resources/NetBeans/netbeans/platform/modules/ext/junit-jupiter-engine-5.6.0.jar:libs/apiguardian-api-1.1.2.jar:libs/junit-4.13.jar:libs/hamcrest-all-1.3.jar:libs/selenium-server-standalone-3.2.0.jar:build/test/classes" />
    <property name="dist.jlink.output" value="dist/jlink/api_junit_selenium" />
    <property name="java.class.version" value="58.0" />
    <property name="javadoc.encoding.used" value="UTF-8" />
    <property name="src.dir" value="src" />
    <property name="ant.project.default-target" value="default" />
    <property name="debug.classpath" value=":build/classes" />
    <property name="excludes" value="" />
    <property name="libs.javaee-api-7.0.src" value="" />
    <property name="run.test.jvmargs" value="" />
    <property name="libs.junit_4.javadoc" value="/Applications/NetBeans/Apache NetBeans 12.0.app/Contents/Resources/NetBeans/netbeans/platform/docs/junit-4.12-javadoc.jar" />
    <property name="sun.jnu.encoding" value="UTF-8" />
    <property name="libs.spring-webmvc4.0.src" value="" />
    <property name="sun.java2d.dpiaware" value="true" />
    <property name="main.class.available" value="true" />
    <property name="libs.jsf20.javadoc" value="/Applications/NetBeans/Apache NetBeans 12.0.app/Contents/Resources/NetBeans/netbeans/enterprise/docs/javaee-doc-api.jar" />
    <property name="netbeans.importclass" value="org.netbeans.upgrade.AutoUpgrade" />
    <property name="netbeans.autoupdate.version" value="1.23" />
    <property name="empty.dir" value="/Users/nadies/NetBeansProjects/api_junit_selenium/build/empty" />
    <property name="netbeans.user" value="/Users/nadies/Library/Application Support/NetBeans/12.0" />
    <property name="javac.includes.binary" value="/Users/nadies/NetBeansProjects/api_junit_selenium/build/test/classes/com/app/selenium/SeleniumTest.class" />
    <property name="file.separator" value="/" />
    <property name="line.separator" value="&#xa;" />
    <property name="javadoc.additionalparam" value="" />
    <property name="libs.spring-webmvc5.0.classpath" value="/Applications/NetBeans/Apache NetBeans 12.0.app/Contents/Resources/NetBeans/netbeans/java/modules/ext/spring-5/spring-webmvc-5.2.2.RELEASE.jar" />
    <property name="libs.restlib.maven-pom" value="" />
    <property name="javac.debug" value="true" />
    <property name="libs.testng.classpath" value="/Applications/NetBeans/Apache NetBeans 12.0.app/Contents/Resources/NetBeans/netbeans/platform/modules/ext/testng-6.8.1-dist.jar" />
    <property name="libs.jsp-compiler.src" value="" />
    <property name="user.name" value="nadies" />
    <property name="ant.file.type.api_junit_selenium-impl" value="file" />
    <property name="build.classes.dir" value="build/classes" />
    <property name="libs.maven-dependencies.javadoc" value="/Applications/NetBeans/Apache NetBeans 12.0.app/Contents/Resources/NetBeans/netbeans/enterprise/docs/javaee-doc-api.jar" />
    <property name="nb.junit.single" value="false" />
    <property name="javadoc.windowtitle" value="" />
    <property name="nb.internal.action.name" value="test.single" />
    <property name="libs.javaee-api-8.0.maven-pom" value="" />
    <property name="libs.jaxws21.src" value="" />
    <property name="libs.maven-dependencies.classpath" value="/Applications/NetBeans/Apache NetBeans 12.0.app/Contents/Resources/NetBeans/netbeans/enterprise/modules/ext/javaee6-endorsed/javax.annotation.jar:/Applications/NetBeans/Apache NetBeans 12.0.app/Contents/Resources/NetBeans/netbeans/enterprise/modules/ext/javaee6-endorsed/jaxb-api-osgi.jar:/Applications/NetBeans/Apache NetBeans 12.0.app/Contents/Resources/NetBeans/netbeans/enterprise/modules/ext/javaee6-endorsed/webservices-api-osgi.jar" />
    <property name="jna.loaded" value="true" />
    <property name="libs.junit_5.maven-pom" value="" />
    <property name="libs.jpa20-persistence.javadoc" value="/Applications/NetBeans/Apache NetBeans 12.0.app/Contents/Resources/NetBeans/netbeans/java/modules/ext/docs/javax.persistence-2.1.0-doc.zip" />
    <property name="ant.junit.enabletestlistenerevents" value="true" />
    <property name="libs.JWSAntTasks.src" value="" />
    <property name="libs.spring-webmvc3.0.src" value="" />
    <property name="ant.home" value="/Applications/NetBeans/Apache NetBeans 12.0.app/Contents/Resources/NetBeans/netbeans/extide/ant" />
    <property name="debug.test.classpath" value=":build/classes:/Applications/NetBeans/Apache NetBeans 12.0.app/Contents/Resources/NetBeans/netbeans/platform/modules/ext/junit-jupiter-api-5.6.0.jar:/Applications/NetBeans/Apache NetBeans 12.0.app/Contents/Resources/NetBeans/netbeans/platform/modules/ext/junit-jupiter-params-5.6.0.jar:/Applications/NetBeans/Apache NetBeans 12.0.app/Contents/Resources/NetBeans/netbeans/platform/modules/ext/junit-jupiter-engine-5.6.0.jar:libs/apiguardian-api-1.1.2.jar:libs/junit-4.13.jar:libs/hamcrest-all-1.3.jar:libs/selenium-server-standalone-3.2.0.jar:build/test/classes" />
    <property name="javac.external.vm" value="true" />
    <property name="have.tests" value="true" />
    <property name="testng.debug.mode" value="" />
    <property name="javac.target" value="14" />
    <property name="ant.version" value="Apache Ant(TM) version 1.10.4 compiled on June 19 2018" />
    <property name="libs.absolutelayout.maven-pom" value="" />
    <property name="jdk.gtk.version" value="2.2" />
    <property name="java.failonerror" value="true" />
    <property name="javac.modulepath" value="" />
    <property name="libs.spring-framework500.src" value="" />
    <property name="user.properties.file" value="/Users/nadies/Library/Application Support/NetBeans/12.0/build.properties" />
    <property name="libs.javaee-api-6.0.src" value="" />
    <property name="javac.includes" value="com/app/selenium/SeleniumTest.java" />
    <property name="netbeans.autoupdate.country" value="ES" />
    <property name="java.class.path" value="/Users/nadies/NetBeansProjects/api_junit_selenium/build/classes:/Applications/NetBeans/Apache NetBeans 12.0.app/Contents/Resources/NetBeans/netbeans/platform/modules/ext/junit-jupiter-api-5.6.0.jar:/Applications/NetBeans/Apache NetBeans 12.0.app/Contents/Resources/NetBeans/netbeans/platform/modules/ext/junit-jupiter-params-5.6.0.jar:/Applications/NetBeans/Apache NetBeans 12.0.app/Contents/Resources/NetBeans/netbeans/platform/modules/ext/junit-jupiter-engine-5.6.0.jar:/Users/nadies/NetBeansProjects/api_junit_selenium/libs/apiguardian-api-1.1.2.jar:/Users/nadies/NetBeansProjects/api_junit_selenium/libs/junit-4.13.jar:/Users/nadies/NetBeansProjects/api_junit_selenium/libs/hamcrest-all-1.3.jar:/Users/nadies/NetBeansProjects/api_junit_selenium/libs/selenium-server-standalone-3.2.0.jar:/Users/nadies/NetBeansProjects/api_junit_selenium/build/test/classes:/Applications/NetBeans/Apache NetBeans 12.0.app/Contents/Resources/NetBeans/netbeans/extide/ant/lib/ant-launcher.jar:/Applications/NetBeans/Apache NetBeans 12.0.app/Contents/Resources/NetBeans/netbeans/extide/ant/lib/ant.jar:/Applications/NetBeans/Apache NetBeans 12.0.app/Contents/Resources/NetBeans/netbeans/extide/ant/lib/ant-junit.jar:/Applications/NetBeans/Apache NetBeans 12.0.app/Contents/Resources/NetBeans/netbeans/extide/ant/lib/ant-junit4.jar" />
    <property name="libs.javaee-web-api-6.0.maven-pom" value="" />
    <property name="java.vm.vendor" value="Oracle Corporation" />
    <property name="ap.supported.internal" value="true" />
    <property name="netbeans.home+have.tests" value="true" />
    <property name="test.binaryexcludes" value="" />
    <property name="javac.compilerargs" value="" />
    <property name="libs.jstl.maven-pom" value="" />
    <property name="sun.cpu.endian" value="little" />
    <property name="libs.junit_4.src" value="/Applications/NetBeans/Apache NetBeans 12.0.app/Contents/Resources/NetBeans/netbeans/platform/docs/junit-4.12-sources.jar" />
    <property name="user.language" value="es" />
    <property name="copylibs.rebase" value="true" />
    <property name="libs.javaee-web-api-6.0.src" value="" />
    <property name="javadoc.nonavbar" value="false" />
    <property name="libs.javaee-api-8.0.src" value="" />
    <property name="ant.java.version" value="14" />
    <property name="libs.junit_4.classpath" value="/Applications/NetBeans/Apache NetBeans 12.0.app/Contents/Resources/NetBeans/netbeans/platform/modules/ext/junit-4.12.jar" />
    <property name="jlink.launcher.name" value="api_junit_selenium" />
    <property name="test.binarytestincludes" value="" />
    <property name="libs.junit_4.maven-pom" value="" />
    <property name="libs.spring-webmvc5.0.maven-pom" value="" />
    <property name="libs.jsp-compiler.maven-pom" value="" />
    <property name="runtime.encoding" value="UTF-8" />
    <property name="jlink.additionalmodules" value="" />
    <property name="javac.classpath" value="" />
    <property name="ftp.nonProxyHosts" value="local|*.local|169.254/16|*.169.254/16" />
    <property name="dist.jlink.dir" value="dist/jlink" />
    <property name="nb.junit.batch" value="true" />
    <property name="build.test.classes.dir" value="build/test/classes" />
    <property name="libs.spring-framework300.maven-pom" value="" />
    <property name="ant.project.invoked-targets" value="test-single" />
    <property name="libs.jstl.classpath" value="/Applications/NetBeans/Apache NetBeans 12.0.app/Contents/Resources/NetBeans/netbeans/enterprise/modules/ext/jstl-impl.jar:/Applications/NetBeans/Apache NetBeans 12.0.app/Contents/Resources/NetBeans/netbeans/enterprise/modules/ext/jstl-api.jar" />
    <property name="ap.cmd.line.internal" value="" />
    <property name="jna.platform.library.path" value="/usr/lib:/usr/lib" />
    <property name="libs.PostgreSQLDriver.src" value="" />
    <property name="java.vendor.url.bug" value="https://bugreport.java.com/bugreport/" />
    <property name="annotation.processing.source.output" value="build/generated-sources/ap-source-output" />
    <property name="user.dir" value="/Users/nadies/NetBeansProjects/api_junit_selenium" />
    <property name="platform.java" value="/Library/Java/JavaVirtualMachines/jdk-14.0.1.jdk/Contents/Home/bin/java" />
    <property name="application.args" value="" />
    <property name="org.xml.sax.driver" value="com.sun.org.apache.xerces.internal.jaxp.SAXParserImpl$JAXPSAXParser" />
    <property name="libs.eclipselink.src" value="" />
    <property name="java.vm.version" value="14.0.1+7" />
    <property name="libs.metro.javadoc" value="/Applications/NetBeans/Apache NetBeans 12.0.app/Contents/Resources/NetBeans/netbeans/enterprise/docs/webservices-api-javadoc.jar:/Applications/NetBeans/Apache NetBeans 12.0.app/Contents/Resources/NetBeans/netbeans/enterprise/docs/webservices-extra-javadoc.jar:/Applications/NetBeans/Apache NetBeans 12.0.app/Contents/Resources/NetBeans/netbeans/enterprise/docs/webservices-extra-api-javadoc.jar:/Applications/NetBeans/Apache NetBeans 12.0.app/Contents/Resources/NetBeans/netbeans/enterprise/docs/webservices-rt-javadoc.jar:/Applications/NetBeans/Apache NetBeans 12.0.app/Contents/Resources/NetBeans/netbeans/enterprise/docs/webservices-tools-javadoc.jar" />
    <property name="sun.awt.datatransfer.timeout" value="1000" />
    <property name="test.class" value="com.app.selenium.SeleniumTest" />
    <property name="junit.forkmode" value="perTest" />
    <property name="libs.javaee-web-api-7.0.src" value="" />
    <property name="libs.jsp-compiler.classpath" value="/Applications/NetBeans/Apache NetBeans 12.0.app/Contents/Resources/NetBeans/netbeans/enterprise/ant/extra/jspcompile.jar" />
    <property name="annotation.processing.run.all.processors" value="true" />
  </properties>
  <testcase classname="com.app.selenium.SeleniumTest" name="initialTest" time="0.802" />
  <system-out><![CDATA[]]></system-out>
  <system-err><![CDATA[Starting ChromeDriver 95.0.4638.54 (d31a821ec901f68d0d34ccdbaea45b4c86ce543e-refs/branch-heads/4638@{#871}) on port 43123
Only local connections are allowed.
Please see https://chromedriver.chromium.org/security-considerations for suggestions on keeping ChromeDriver safe.
ChromeDriver was started successfully.
nov. 04, 2021 11:39:24 P. M. org.openqa.selenium.remote.ProtocolHandshake createSession
INFO: Detected dialect: OSS
]]></system-err>
</testsuite>
